data:
code:

main:
	%0 = 10 << 1
	%cnt0 = %0 + 1
	jump main1
main1:
	%1 = %cnt1 & 1
	if %1 then main2 else NotANumber0
NotANumber0:
	fail NotANumber
main2:
	%cnt2 = phi(main, %cnt0, main1, %cnt)
	%2 = %cnt2 - 1
	%3 = %2 >> 1
	if %3 then main3 else main6
main3:
	%4 = %cnt2 & 1
	if %4 then main4 else NotANumber1
NotANumber1:
	fail NotANumber
main4:
	%5 = %cnt1 - 1
	%6 = %5 >> 1
	print(%6)
	%7 = %cnt1 & 1
	if %7 then main5 else NotANumber2
NotANumber2:
	fail NotANumber
main5:
	%8 = %cnt1 - 1
	%9 = %8 >> 1
	%10 = %9 - 1
	%11 = %10 << 1
	%cnt1 = %11 + 1
	jump main1
main6:
	ret 0